2025-06-11 02:14:33,547 - INFO - Memulai DICOM Watcher...
2025-06-11 02:21:06,570 - INFO - DICOM Watcher dihentikan oleh pengguna.
2025-06-11 02:21:11,685 - INFO - 🔎 Memulai pemantauan folder DICOM...
2025-06-11 02:21:11,696 - INFO - [DETECTED] Folder baru: _processed
2025-06-11 02:21:14,702 - WARNING - [SKIP] _processed tidak mengandung file .dcm
2025-06-11 02:21:42,603 - INFO - [DETECTED] Folder baru: 4425944186
2025-06-11 02:21:45,606 - INFO - [PROCESSING] Menjalankan segmentasi pada: /Volumes/Data 1/project-dicom-viewer/received_dicom/4425944186
2025-06-11 02:21:48,157 - ERROR - [FAILED] Segmentasi gagal:
Traceback (most recent call last):
  File "/Volumes/Data 1/project-dicom-viewer/dicom_xray.py", line 13, in <module>
    from monai.transforms import (
ImportError: cannot import name 'AddChannelD' from 'monai.transforms' (/opt/anaconda3/envs/monai_env/lib/python3.10/site-packages/monai/transforms/__init__.py)

2025-06-11 02:23:12,592 - INFO - 👋 Watcher dihentikan oleh pengguna.
2025-06-11 02:24:24,974 - INFO - 🔎 Memulai pemantauan folder DICOM...
2025-06-11 02:24:38,937 - INFO - [DETECTED] Folder baru: 4425944186
2025-06-11 02:24:41,944 - INFO - [PROCESSING] Menjalankan segmentasi pada: /Volumes/Data 1/project-dicom-viewer/received_dicom/4425944186
2025-06-11 02:24:44,353 - ERROR - [FAILED] Segmentasi gagal:
INFO:dicom_xray:[INFO] Membaca DICOM dari /Volumes/Data 1/project-dicom-viewer/received_dicom/4425944186
INFO:dicom_xray:[INFO] Menyiapkan data dan transformasi...
INFO:dicom_xray:[INFO] Memuat model SwinUNETR...
/opt/anaconda3/envs/monai_env/lib/python3.10/site-packages/monai/utils/deprecate_utils.py:221: FutureWarning: monai.networks.nets.swin_unetr SwinUNETR.__init__:img_size: Argument `img_size` has been deprecated since version 1.3. It will be removed in version 1.5. The img_size argument is not required anymore and checks on the input size are run during forward().
  warn_deprecated(argname, msg, warning_category)
Traceback (most recent call last):
  File "/Volumes/Data 1/project-dicom-viewer/dicom_xray.py", line 109, in <module>
    main()
  File "/Volumes/Data 1/project-dicom-viewer/dicom_xray.py", line 103, in main
    model = load_model()
  File "/Volumes/Data 1/project-dicom-viewer/dicom_xray.py", line 60, in load_model
    model = SwinUNETR(
  File "/opt/anaconda3/envs/monai_env/lib/python3.10/site-packages/monai/utils/deprecate_utils.py", line 223, in _wrapper
    return func(*args, **kwargs)
  File "/opt/anaconda3/envs/monai_env/lib/python3.10/site-packages/monai/networks/nets/swin_unetr.py", line 119, in __init__
    img_size = ensure_tuple_rep(img_size, spatial_dims)
  File "/opt/anaconda3/envs/monai_env/lib/python3.10/site-packages/monai/utils/misc.py", line 222, in ensure_tuple_rep
    raise ValueError(f"Sequence must have length {dim}, got {len(tup)}.")
ValueError: Sequence must have length 3, got 2.

2025-06-11 02:26:04,219 - INFO - 👋 Watcher dihentikan oleh pengguna.
2025-06-11 02:26:07,001 - INFO - 🔎 Memulai pemantauan folder DICOM...
2025-06-11 02:26:37,216 - INFO - [DETECTED] Folder baru: 4425944186
2025-06-11 02:26:40,224 - INFO - [PROCESSING] Menjalankan segmentasi pada: /Volumes/Data 1/project-dicom-viewer/received_dicom/4425944186
2025-06-11 02:26:42,852 - ERROR - [FAILED] Segmentasi gagal:
INFO:dicom_xray:[INFO] Membaca DICOM dari /Volumes/Data 1/project-dicom-viewer/received_dicom/4425944186
INFO:dicom_xray:[INFO] Menyiapkan data dan transformasi...
INFO:dicom_xray:[INFO] Memuat model SwinUNETR...
/opt/anaconda3/envs/monai_env/lib/python3.10/site-packages/monai/utils/deprecate_utils.py:221: FutureWarning: monai.networks.nets.swin_unetr SwinUNETR.__init__:img_size: Argument `img_size` has been deprecated since version 1.3. It will be removed in version 1.5. The img_size argument is not required anymore and checks on the input size are run during forward().
  warn_deprecated(argname, msg, warning_category)
Traceback (most recent call last):
  File "/Volumes/Data 1/project-dicom-viewer/dicom_xray.py", line 110, in <module>
    main()
  File "/Volumes/Data 1/project-dicom-viewer/dicom_xray.py", line 104, in main
    model = load_model()
  File "/Volumes/Data 1/project-dicom-viewer/dicom_xray.py", line 69, in load_model
    raise FileNotFoundError(f"Model tidak ditemukan di: {MODEL_PATH}")
FileNotFoundError: Model tidak ditemukan di: /Volumes/Data 1/project-dicom-viewer/model_swinunetr.pth

2025-06-11 02:27:48,190 - INFO - 👋 Watcher dihentikan oleh pengguna.
2025-06-11 02:32:22,885 - INFO - 🔎 Memulai pemantauan folder DICOM...
2025-06-11 02:32:56,214 - INFO - [DETECTED] Folder baru: 4425944186
2025-06-11 02:32:59,221 - INFO - [PROCESSING] Menjalankan segmentasi pada: /Volumes/Data 1/project-dicom-viewer/received_dicom/4425944186
2025-06-11 02:33:00,502 - ERROR - [FAILED] Segmentasi gagal:
Traceback (most recent call last):
  File "/Volumes/Data 1/project-dicom-viewer/dicom_xray.py", line 7, in <module>
    import matplotlib.pyplot as plt
ModuleNotFoundError: No module named 'matplotlib'

2025-06-11 02:33:27,914 - INFO - 👋 Watcher dihentikan oleh pengguna.
2025-06-11 02:34:50,361 - INFO - 🔎 Memulai pemantauan folder DICOM...
2025-06-11 02:35:19,519 - INFO - [DETECTED] Folder baru: 4425944186
2025-06-11 02:35:22,526 - INFO - [PROCESSING] Menjalankan segmentasi pada: /Volumes/Data 1/project-dicom-viewer/received_dicom/4425944186
2025-06-11 02:35:36,994 - INFO - [SUCCESS] Segmentasi berhasil: /Volumes/Data 1/project-dicom-viewer/received_dicom/4425944186
2025-06-11 02:40:59,018 - INFO - 👋 Watcher dihentikan oleh pengguna.
2025-06-11 02:41:00,840 - INFO - 🔎 Memulai pemantauan folder DICOM...
2025-06-11 02:41:14,664 - INFO - [DETECTED] Folder baru: 4425944186
2025-06-11 02:41:17,670 - INFO - [SKIP] Folder 4425944186 sudah diproses.
2025-06-11 02:42:31,878 - INFO - [DETECTED] Folder baru: 4425944186
2025-06-11 02:42:34,884 - INFO - [PROCESSING] Menjalankan segmentasi pada: /Volumes/Data 1/project-dicom-viewer/received_dicom/4425944186
2025-06-11 02:42:37,502 - ERROR - [FAILED] Segmentasi gagal:
INFO:dicom_xray:[INFO] Memuat model SwinUNETR...
/opt/anaconda3/envs/monai_env/lib/python3.10/site-packages/monai/utils/deprecate_utils.py:221: FutureWarning: monai.networks.nets.swin_unetr SwinUNETR.__init__:img_size: Argument `img_size` has been deprecated since version 1.3. It will be removed in version 1.5. The img_size argument is not required anymore and checks on the input size are run during forward().
  warn_deprecated(argname, msg, warning_category)
Traceback (most recent call last):
  File "/Volumes/Data 1/project-dicom-viewer/dicom_xray.py", line 133, in <module>
    main()
  File "/Volumes/Data 1/project-dicom-viewer/dicom_xray.py", line 122, in main
    model = load_model()
  File "/Volumes/Data 1/project-dicom-viewer/dicom_xray.py", line 34, in load_model
    model = SwinUNETR(
  File "/opt/anaconda3/envs/monai_env/lib/python3.10/site-packages/monai/utils/deprecate_utils.py", line 223, in _wrapper
    return func(*args, **kwargs)
  File "/opt/anaconda3/envs/monai_env/lib/python3.10/site-packages/monai/networks/nets/swin_unetr.py", line 119, in __init__
    img_size = ensure_tuple_rep(img_size, spatial_dims)
  File "/opt/anaconda3/envs/monai_env/lib/python3.10/site-packages/monai/utils/misc.py", line 222, in ensure_tuple_rep
    raise ValueError(f"Sequence must have length {dim}, got {len(tup)}.")
ValueError: Sequence must have length 2, got 3.

2025-06-11 02:45:04,878 - INFO - 👋 Watcher dihentikan oleh pengguna.
2025-06-11 02:45:06,412 - INFO - 🔎 Memulai pemantauan folder DICOM...
2025-06-11 02:45:39,577 - INFO - [DETECTED] Folder baru: 4425944186
2025-06-11 02:45:42,584 - INFO - [PROCESSING] Menjalankan segmentasi pada: /Volumes/Data 1/project-dicom-viewer/received_dicom/4425944186
2025-06-11 02:45:45,256 - ERROR - [FAILED] Segmentasi gagal:
INFO:dicom_xray:[INFO] Memuat model SwinUNETR...
Traceback (most recent call last):
  File "/Volumes/Data 1/project-dicom-viewer/dicom_xray.py", line 115, in <module>
    main()
  File "/Volumes/Data 1/project-dicom-viewer/dicom_xray.py", line 81, in main
    model = load_model()
  File "/Volumes/Data 1/project-dicom-viewer/dicom_xray.py", line 32, in load_model
    model = SwinUNETR(
  File "/opt/anaconda3/envs/monai_env/lib/python3.10/site-packages/monai/utils/deprecate_utils.py", line 208, in _wrapper
    binding = sig.bind(*args, **kwargs).arguments
  File "/opt/anaconda3/envs/monai_env/lib/python3.10/inspect.py", line 3186, in bind
    return self._bind(args, kwargs)
  File "/opt/anaconda3/envs/monai_env/lib/python3.10/inspect.py", line 3101, in _bind
    raise TypeError(msg) from None
TypeError: missing a required argument: 'img_size'

2025-06-11 02:47:04,784 - INFO - 👋 Watcher dihentikan oleh pengguna.
2025-06-11 02:47:06,887 - INFO - 🔎 Memulai pemantauan folder DICOM...
2025-06-11 02:47:40,017 - INFO - [DETECTED] Folder baru: 4425944186
2025-06-11 02:47:43,023 - INFO - [PROCESSING] Menjalankan segmentasi pada: /Volumes/Data 1/project-dicom-viewer/received_dicom/4425944186
2025-06-11 02:47:47,229 - INFO - [SUCCESS] Segmentasi berhasil: /Volumes/Data 1/project-dicom-viewer/received_dicom/4425944186
2025-06-11 02:50:42,983 - INFO - 👋 Watcher dihentikan oleh pengguna.
2025-06-11 02:50:49,139 - INFO - 🔎 Memulai pemantauan folder DICOM...
2025-06-11 02:51:26,970 - INFO - [DETECTED] Folder baru: 4425944186
2025-06-11 02:51:29,977 - INFO - [PROCESSING] Menjalankan segmentasi pada: /Volumes/Data 1/project-dicom-viewer/received_dicom/4425944186
2025-06-11 02:51:34,287 - INFO - [SUCCESS] Segmentasi berhasil: /Volumes/Data 1/project-dicom-viewer/received_dicom/4425944186
2025-06-11 02:56:03,118 - INFO - 👋 Watcher dihentikan oleh pengguna.
2025-06-11 02:56:04,525 - INFO - 🔎 Memulai pemantauan folder DICOM...
2025-06-11 02:56:48,415 - INFO - [DETECTED] Folder baru: 4425944186
2025-06-11 02:56:51,422 - INFO - [PROCESSING] Menjalankan segmentasi pada: /Volumes/Data 1/project-dicom-viewer/received_dicom/4425944186
2025-06-11 02:56:55,690 - INFO - [SUCCESS] Segmentasi berhasil: /Volumes/Data 1/project-dicom-viewer/received_dicom/4425944186
2025-06-11 03:02:27,025 - INFO - 👋 Watcher dihentikan oleh pengguna.
2025-06-11 03:02:28,988 - INFO - 🔎 Memulai pemantauan folder DICOM...
2025-06-11 03:03:23,597 - INFO - [DETECTED] Folder baru: 4425944186
2025-06-11 03:03:26,604 - INFO - [PROCESSING] Menjalankan segmentasi pada: /Volumes/Data 1/project-dicom-viewer/received_dicom/4425944186
2025-06-11 03:03:30,846 - ERROR - [FAILED] Segmentasi gagal:
2025-06-11 03:03:28,868 - dicom_xray_analyzer - INFO - Menggunakan perangkat: cpu
2025-06-11 03:03:28,870 - dicom_xray_analyzer - INFO - Memproses folder DICOM: /Volumes/Data 1/project-dicom-viewer/received_dicom/4425944186
2025-06-11 03:03:30,448 - dicom_xray_analyzer - INFO - Memuat model SwinUNETR...
2025-06-11 03:03:30,448 - dicom_xray_analyzer - ERROR - Gagal memuat model: missing a required argument: 'img_size'
2025-06-11 03:03:30,448 - dicom_xray_analyzer - ERROR - Gagal memproses DICOM: missing a required argument: 'img_size'
Traceback (most recent call last):
  File "/Volumes/Data 1/project-dicom-viewer/dicom_xray.py", line 266, in main
    model = load_model(device)
  File "/Volumes/Data 1/project-dicom-viewer/dicom_xray.py", line 87, in load_model
    model = SwinUNETR(
  File "/opt/anaconda3/envs/monai_env/lib/python3.10/site-packages/monai/utils/deprecate_utils.py", line 208, in _wrapper
    binding = sig.bind(*args, **kwargs).arguments
  File "/opt/anaconda3/envs/monai_env/lib/python3.10/inspect.py", line 3186, in bind
    return self._bind(args, kwargs)
  File "/opt/anaconda3/envs/monai_env/lib/python3.10/inspect.py", line 3101, in _bind
    raise TypeError(msg) from None
TypeError: missing a required argument: 'img_size'

2025-06-11 03:05:45,693 - INFO - 👋 Watcher dihentikan oleh pengguna.
2025-06-11 03:05:48,158 - INFO - 🔎 Memulai pemantauan folder DICOM...
2025-06-11 03:06:04,696 - INFO - [DETECTED] Folder baru: 4425944186
2025-06-11 03:06:07,701 - INFO - [PROCESSING] Menjalankan segmentasi pada: /Volumes/Data 1/project-dicom-viewer/received_dicom/4425944186
2025-06-11 03:06:10,411 - ERROR - [FAILED] Segmentasi gagal:
2025-06-11 03:06:10,027 - dicom_xray_analyzer - INFO - Menggunakan perangkat: cpu
2025-06-11 03:06:10,029 - dicom_xray_analyzer - INFO - Memproses folder DICOM: /Volumes/Data 1/project-dicom-viewer/received_dicom/4425944186
2025-06-11 03:06:10,029 - dicom_xray_analyzer - ERROR - Gagal memproses DICOM: name 'load_dicom_with_metadata' is not defined
Traceback (most recent call last):
  File "/Volumes/Data 1/project-dicom-viewer/dicom_xray.py", line 122, in main
    image_path, dicom_path, base_filename, metadata = load_dicom_with_metadata(dicom_folder)
NameError: name 'load_dicom_with_metadata' is not defined

2025-06-11 03:08:59,672 - INFO - 👋 Watcher dihentikan oleh pengguna.
2025-06-11 03:09:01,615 - INFO - 🔎 Memulai pemantauan folder DICOM...
2025-06-11 03:09:29,627 - INFO - [DETECTED] Folder baru: 4425944186
2025-06-11 03:09:32,635 - INFO - [PROCESSING] Menjalankan segmentasi pada: /Volumes/Data 1/project-dicom-viewer/received_dicom/4425944186
2025-06-11 03:09:35,436 - ERROR - [FAILED] Segmentasi gagal:
Traceback (most recent call last):
  File "/Volumes/Data 1/project-dicom-viewer/dicom_xray.py", line 22, in <module>
    from skimage.transform import resize
ModuleNotFoundError: No module named 'skimage'

2025-06-11 03:10:13,370 - INFO - 👋 Watcher dihentikan oleh pengguna.
2025-06-11 03:10:56,551 - INFO - 🔎 Memulai pemantauan folder DICOM...
2025-06-11 03:11:20,549 - INFO - [DETECTED] Folder baru: 4425944186
2025-06-11 03:11:23,556 - INFO - [PROCESSING] Menjalankan segmentasi pada: /Volumes/Data 1/project-dicom-viewer/received_dicom/4425944186
2025-06-11 03:12:00,425 - ERROR - [FAILED] Segmentasi gagal:
Traceback (most recent call last):
  File "/Volumes/Data 1/project-dicom-viewer/dicom_xray.py", line 8, in <module>
    from monai.transforms import (
  File "/opt/anaconda3/envs/monai_env/lib/python3.10/site-packages/monai/__init__.py", line 101, in <module>
    load_submodules(sys.modules[__name__], False, exclude_pattern=excludes)
  File "/opt/anaconda3/envs/monai_env/lib/python3.10/site-packages/monai/utils/module.py", line 187, in load_submodules
    mod = import_module(name)
  File "/opt/anaconda3/envs/monai_env/lib/python3.10/importlib/__init__.py", line 126, in import_module
    return _bootstrap._gcd_import(name[level:], package, level)
  File "/opt/anaconda3/envs/monai_env/lib/python3.10/site-packages/monai/apps/__init__.py", line 14, in <module>
    from .datasets import CrossValidation, DecathlonDataset, MedNISTDataset, TciaDataset
  File "/opt/anaconda3/envs/monai_env/lib/python3.10/site-packages/monai/apps/datasets.py", line 33, in <module>
    from monai.data import (
  File "/opt/anaconda3/envs/monai_env/lib/python3.10/site-packages/monai/data/__init__.py", line 29, in <module>
    from .dataset import (
  File "/opt/anaconda3/envs/monai_env/lib/python3.10/site-packages/monai/data/dataset.py", line 39, in <module>
    from monai.transforms import Compose, Randomizable, RandomizableTrait, Transform, convert_to_contiguous, reset_ops_id
  File "/opt/anaconda3/envs/monai_env/lib/python3.10/site-packages/monai/transforms/__init__.py", line 93, in <module>
    from .intensity.array import (
  File "/opt/anaconda3/envs/monai_env/lib/python3.10/site-packages/monai/transforms/intensity/array.py", line 29, in <module>
    from monai.data.ultrasound_confidence_map import UltrasoundConfidenceMap
  File "/opt/anaconda3/envs/monai_env/lib/python3.10/site-packages/monai/data/ultrasound_confidence_map.py", line 25, in <module>
    hilbert, _ = optional_import("scipy.signal", "1.12.0", min_version, "hilbert")
  File "/opt/anaconda3/envs/monai_env/lib/python3.10/site-packages/monai/utils/module.py", line 378, in optional_import
    pkg = __import__(module)  # top level module
  File "/opt/anaconda3/envs/monai_env/lib/python3.10/site-packages/scipy/signal/__init__.py", line 311, in <module>
    from ._peak_finding import *
  File "/opt/anaconda3/envs/monai_env/lib/python3.10/site-packages/scipy/signal/_peak_finding.py", line 8, in <module>
    from scipy.stats import scoreatpercentile
  File "/opt/anaconda3/envs/monai_env/lib/python3.10/site-packages/scipy/stats/__init__.py", line 624, in <module>
    from ._stats_py import *
  File "/opt/anaconda3/envs/monai_env/lib/python3.10/site-packages/scipy/stats/_stats_py.py", line 52, in <module>
    from . import distributions
  File "/opt/anaconda3/envs/monai_env/lib/python3.10/site-packages/scipy/stats/distributions.py", line 8, in <module>
    from ._distn_infrastructure import (rv_discrete, rv_continuous, rv_frozen)  # noqa: F401
  File "/opt/anaconda3/envs/monai_env/lib/python3.10/site-packages/scipy/stats/_distn_infrastructure.py", line 26, in <module>
    from scipy import integrate
  File "<frozen importlib._bootstrap>", line 1075, in _handle_fromlist
  File "/opt/anaconda3/envs/monai_env/lib/python3.10/site-packages/scipy/__init__.py", line 134, in __getattr__
    return _importlib.import_module(f'scipy.{name}')
  File "/opt/anaconda3/envs/monai_env/lib/python3.10/importlib/__init__.py", line 126, in import_module
    return _bootstrap._gcd_import(name[level:], package, level)
  File "/opt/anaconda3/envs/monai_env/lib/python3.10/site-packages/scipy/integrate/__init__.py", line 105, in <module>
    from ._quadpack_py import *
  File "/opt/anaconda3/envs/monai_env/lib/python3.10/site-packages/scipy/integrate/_quadpack_py.py", line 7, in <module>
    from . import _quadpack
KeyboardInterrupt

2025-06-11 03:12:00,426 - INFO - 👋 Watcher dihentikan oleh pengguna.
2025-06-11 03:13:11,699 - INFO - 🔎 Memulai pemantauan folder DICOM...
2025-06-11 03:13:26,236 - INFO - [DETECTED] Folder baru: 4425944186
2025-06-11 03:13:29,242 - INFO - [PROCESSING] Menjalankan segmentasi pada: /Volumes/Data 1/project-dicom-viewer/received_dicom/4425944186
2025-06-11 03:13:42,720 - ERROR - [FAILED] Segmentasi gagal:
2025-06-11 03:13:42,200 - dicom_xray_analyzer - INFO - Menggunakan perangkat: cpu
2025-06-11 03:13:42,207 - dicom_xray_analyzer - INFO - Memproses folder DICOM: /Volumes/Data 1/project-dicom-viewer/received_dicom/4425944186
2025-06-11 03:13:42,207 - dicom_xray_analyzer - ERROR - Gagal memproses DICOM: name 'load_dicom_with_metadata' is not defined
Traceback (most recent call last):
  File "/Volumes/Data 1/project-dicom-viewer/dicom_xray.py", line 77, in main
    image_path, dicom_path, base_filename, metadata = load_dicom_with_metadata(dicom_folder)
NameError: name 'load_dicom_with_metadata' is not defined

2025-06-11 03:15:14,595 - INFO - 👋 Watcher dihentikan oleh pengguna.
2025-06-11 03:15:16,540 - INFO - 🔎 Memulai pemantauan folder DICOM...
2025-06-11 03:15:44,379 - INFO - [DETECTED] Folder baru: 4425944186
2025-06-11 03:15:47,385 - INFO - [PROCESSING] Menjalankan segmentasi pada: /Volumes/Data 1/project-dicom-viewer/received_dicom/4425944186
2025-06-11 03:15:51,452 - ERROR - [FAILED] Segmentasi gagal:
2025-06-11 03:15:50,835 - dicom_xray_analyzer - INFO - Menggunakan perangkat: cpu
2025-06-11 03:15:50,839 - dicom_xray_analyzer - INFO - Memproses folder DICOM: /Volumes/Data 1/project-dicom-viewer/received_dicom/4425944186
2025-06-11 03:15:50,850 - dicom_xray_analyzer - INFO - Metadata DICOM dari 1.2.840.113619.2.421.4.8323328.1734316943.671158.dcm: {'PatientID': '0000001621', 'PatientName': 'HENDI^HENDI^^MR', 'StudyDate': '20241216', 'Modality': 'DX', 'BodyPartExamined': 'CHEST', 'StudyDescription': 'CR X-Ray Thorax AP / PA', 'Rows': 3181, 'Columns': 3848, 'PixelSpacing': [0.097928, 0.097928]}
2025-06-11 03:15:50,859 - dicom_xray_analyzer - INFO - DICOM file path: /Volumes/Data 1/project-dicom-viewer/received_dicom/4425944186/1.2.840.113619.2.421.4.8323328.1734316943.671158.dcm
2025-06-11 03:15:50,859 - dicom_xray_analyzer - INFO - Ukuran gambar asli: 3848x3181
2025-06-11 03:15:50,859 - dicom_xray_analyzer - INFO - Memuat model SwinUNETR dari xray_segmentation_model.pt dengan ukuran (96, 96)...
/opt/anaconda3/envs/monai_env/lib/python3.10/site-packages/monai/utils/deprecate_utils.py:221: FutureWarning: monai.networks.nets.swin_unetr SwinUNETR.__init__:img_size: Argument `img_size` has been deprecated since version 1.3. It will be removed in version 1.5. The img_size argument is not required anymore and checks on the input size are run during forward().
  warn_deprecated(argname, msg, warning_category)
2025-06-11 03:15:50,968 - dicom_xray_analyzer - ERROR - Gagal memuat model dari xray_segmentation_model.pt: Model tidak ditemukan di: xray_segmentation_model.pt. Pastikan nama dan lokasi benar.
Traceback (most recent call last):
  File "/Volumes/Data 1/project-dicom-viewer/dicom_xray.py", line 121, in load_model
    raise FileNotFoundError(f"Model tidak ditemukan di: {MODEL_PATH}. Pastikan nama dan lokasi benar.")
FileNotFoundError: Model tidak ditemukan di: xray_segmentation_model.pt. Pastikan nama dan lokasi benar.

2025-06-11 03:17:04,754 - INFO - 👋 Watcher dihentikan oleh pengguna.
2025-06-11 03:17:06,533 - INFO - 🔎 Memulai pemantauan folder DICOM...
2025-06-11 03:17:21,937 - INFO - [DETECTED] Folder baru: 4425944186
2025-06-11 03:17:24,944 - INFO - [PROCESSING] Menjalankan segmentasi pada: /Volumes/Data 1/project-dicom-viewer/received_dicom/4425944186
2025-06-11 03:17:28,537 - ERROR - [FAILED] Segmentasi gagal:
2025-06-11 03:17:27,812 - dicom_xray_analyzer - INFO - Menggunakan perangkat: cpu
2025-06-11 03:17:27,815 - dicom_xray_analyzer - INFO - Memproses folder DICOM: /Volumes/Data 1/project-dicom-viewer/received_dicom/4425944186
2025-06-11 03:17:27,821 - dicom_xray_analyzer - INFO - Metadata DICOM dari 1.2.840.113619.2.421.4.8323328.1734316943.671158.dcm: {'PatientID': '0000001621', 'PatientName': 'HENDI^HENDI^^MR', 'StudyDate': '20241216', 'Modality': 'DX', 'BodyPartExamined': 'CHEST', 'StudyDescription': 'CR X-Ray Thorax AP / PA', 'Rows': 3181, 'Columns': 3848, 'PixelSpacing': [0.097928, 0.097928]}
2025-06-11 03:17:27,826 - dicom_xray_analyzer - INFO - DICOM file path: /Volumes/Data 1/project-dicom-viewer/received_dicom/4425944186/1.2.840.113619.2.421.4.8323328.1734316943.671158.dcm
2025-06-11 03:17:27,826 - dicom_xray_analyzer - INFO - Ukuran gambar asli: 3848x3181
2025-06-11 03:17:27,826 - dicom_xray_analyzer - INFO - Memuat model SwinUNETR dari xray_segmentation_model.pt dengan ukuran (96, 96)...
/opt/anaconda3/envs/monai_env/lib/python3.10/site-packages/monai/utils/deprecate_utils.py:221: FutureWarning: monai.networks.nets.swin_unetr SwinUNETR.__init__:img_size: Argument `img_size` has been deprecated since version 1.3. It will be removed in version 1.5. The img_size argument is not required anymore and checks on the input size are run during forward().
  warn_deprecated(argname, msg, warning_category)
2025-06-11 03:17:28,078 - dicom_xray_analyzer - ERROR - Gagal memuat model dari xray_segmentation_model.pt: Error(s) in loading state_dict for SwinUNETR:
	size mismatch for swinViT.patch_embed.proj.weight: copying a param with shape torch.Size([48, 1, 2, 2, 2]) from checkpoint, the shape in current model is torch.Size([48, 1, 2, 2]).
	size mismatch for swinViT.layers1.0.blocks.0.attn.relative_position_bias_table: copying a param with shape torch.Size([2197, 3]) from checkpoint, the shape in current model is torch.Size([169, 3]).
	size mismatch for swinViT.layers1.0.blocks.0.attn.relative_position_index: copying a param with shape torch.Size([343, 343]) from checkpoint, the shape in current model is torch.Size([49, 49]).
	size mismatch for swinViT.layers1.0.blocks.1.attn.relative_position_bias_table: copying a param with shape torch.Size([2197, 3]) from checkpoint, the shape in current model is torch.Size([169, 3]).
	size mismatch for swinViT.layers1.0.blocks.1.attn.relative_position_index: copying a param with shape torch.Size([343, 343]) from checkpoint, the shape in current model is torch.Size([49, 49]).
	size mismatch for swinViT.layers1.0.downsample.reduction.weight: copying a param with shape torch.Size([96, 384]) from checkpoint, the shape in current model is torch.Size([96, 192]).
	size mismatch for swinViT.layers1.0.downsample.norm.weight: copying a param with shape torch.Size([384]) from checkpoint, the shape in current model is torch.Size([192]).
	size mismatch for swinViT.layers1.0.downsample.norm.bias: copying a param with shape torch.Size([384]) from checkpoint, the shape in current model is torch.Size([192]).
	size mismatch for swinViT.layers2.0.blocks.0.attn.relative_position_bias_table: copying a param with shape torch.Size([2197, 6]) from checkpoint, the shape in current model is torch.Size([169, 6]).
	size mismatch for swinViT.layers2.0.blocks.0.attn.relative_position_index: copying a param with shape torch.Size([343, 343]) from checkpoint, the shape in current model is torch.Size([49, 49]).
	size mismatch for swinViT.layers2.0.blocks.1.attn.relative_position_bias_table: copying a param with shape torch.Size([2197, 6]) from checkpoint, the shape in current model is torch.Size([169, 6]).
	size mismatch for swinViT.layers2.0.blocks.1.attn.relative_position_index: copying a param with shape torch.Size([343, 343]) from checkpoint, the shape in current model is torch.Size([49, 49]).
	size mismatch for swinViT.layers2.0.downsample.reduction.weight: copying a param with shape torch.Size([192, 768]) from checkpoint, the shape in current model is torch.Size([192, 384]).
	size mismatch for swinViT.layers2.0.downsample.norm.weight: copying a param with shape torch.Size([768]) from checkpoint, the shape in current model is torch.Size([384]).
	size mismatch for swinViT.layers2.0.downsample.norm.bias: copying a param with shape torch.Size([768]) from checkpoint, the shape in current model is torch.Size([384]).
	size mismatch for swinViT.layers3.0.blocks.0.attn.relative_position_bias_table: copying a param with shape torch.Size([2197, 12]) from checkpoint, the shape in current model is torch.Size([169, 12]).
	size mismatch for swinViT.layers3.0.blocks.0.attn.relative_position_index: copying a param with shape torch.Size([343, 343]) from checkpoint, the shape in current model is torch.Size([49, 49]).
	size mismatch for swinViT.layers3.0.blocks.1.attn.relative_position_bias_table: copying a param with shape torch.Size([2197, 12]) from checkpoint, the shape in current model is torch.Size([169, 12]).
	size mismatch for swinViT.layers3.0.blocks.1.attn.relative_position_index: copying a param with shape torch.Size([343, 343]) from checkpoint, the shape in current model is torch.Size([49, 49]).
	size mismatch for swinViT.layers3.0.downsample.reduction.weight: copying a param with shape torch.Size([384, 1536]) from checkpoint, the shape in current model is torch.Size([384, 768]).
	size mismatch for swinViT.layers3.0.downsample.norm.weight: copying a param with shape torch.Size([1536]) from checkpoint, the shape in current model is torch.Size([768]).
	size mismatch for swinViT.layers3.0.downsample.norm.bias: copying a param with shape torch.Size([1536]) from checkpoint, the shape in current model is torch.Size([768]).
	size mismatch for swinViT.layers4.0.blocks.0.attn.relative_position_bias_table: copying a param with shape torch.Size([2197, 24]) from checkpoint, the shape in current model is torch.Size([169, 24]).
	size mismatch for swinViT.layers4.0.blocks.0.attn.relative_position_index: copying a param with shape torch.Size([343, 343]) from checkpoint, the shape in current model is torch.Size([49, 49]).
	size mismatch for swinViT.layers4.0.blocks.1.attn.relative_position_bias_table: copying a param with shape torch.Size([2197, 24]) from checkpoint, the shape in current model is torch.Size([169, 24]).
	size mismatch for swinViT.layers4.0.blocks.1.attn.relative_position_index: copying a param with shape torch.Size([343, 343]) from checkpoint, the shape in current model is torch.Size([49, 49]).
	size mismatch for swinViT.layers4.0.downsample.reduction.weight: copying a param with shape torch.Size([768, 3072]) from checkpoint, the shape in current model is torch.Size([768, 1536]).
	size mismatch for swinViT.layers4.0.downsample.norm.weight: copying a param with shape torch.Size([3072]) from checkpoint, the shape in current model is torch.Size([1536]).
	size mismatch for swinViT.layers4.0.downsample.norm.bias: copying a param with shape torch.Size([3072]) from checkpoint, the shape in current model is torch.Size([1536]).
	size mismatch for encoder1.layer.conv1.conv.weight: copying a param with shape torch.Size([48, 1, 3, 3, 3]) from checkpoint, the shape in current model is torch.Size([48, 1, 3, 3]).
	size mismatch for encoder1.layer.conv2.conv.weight: copying a param with shape torch.Size([48, 48, 3, 3, 3]) from checkpoint, the shape in current model is torch.Size([48, 48, 3, 3]).
	size mismatch for encoder1.layer.conv3.conv.weight: copying a param with shape torch.Size([48, 1, 1, 1, 1]) from checkpoint, the shape in current model is torch.Size([48, 1, 1, 1]).
	size mismatch for encoder2.layer.conv1.conv.weight: copying a param with shape torch.Size([48, 48, 3, 3, 3]) from checkpoint, the shape in current model is torch.Size([48, 48, 3, 3]).
	size mismatch for encoder2.layer.conv2.conv.weight: copying a param with shape torch.Size([48, 48, 3, 3, 3]) from checkpoint, the shape in current model is torch.Size([48, 48, 3, 3]).
	size mismatch for encoder3.layer.conv1.conv.weight: copying a param with shape torch.Size([96, 96, 3, 3, 3]) from checkpoint, the shape in current model is torch.Size([96, 96, 3, 3]).
	size mismatch for encoder3.layer.conv2.conv.weight: copying a param with shape torch.Size([96, 96, 3, 3, 3]) from checkpoint, the shape in current model is torch.Size([96, 96, 3, 3]).
	size mismatch for encoder4.layer.conv1.conv.weight: copying a param with shape torch.Size([192, 192, 3, 3, 3]) from checkpoint, the shape in current model is torch.Size([192, 192, 3, 3]).
	size mismatch for encoder4.layer.conv2.conv.weight: copying a param with shape torch.Size([192, 192, 3, 3, 3]) from checkpoint, the shape in current model is torch.Size([192, 192, 3, 3]).
	size mismatch for encoder10.layer.conv1.conv.weight: copying a param with shape torch.Size([768, 768, 3, 3, 3]) from checkpoint, the shape in current model is torch.Size([768, 768, 3, 3]).
	size mismatch for encoder10.layer.conv2.conv.weight: copying a param with shape torch.Size([768, 768, 3, 3, 3]) from checkpoint, the shape in current model is torch.Size([768, 768, 3, 3]).
	size mismatch for decoder5.transp_conv.conv.weight: copying a param with shape torch.Size([768, 384, 2, 2, 2]) from checkpoint, the shape in current model is torch.Size([768, 384, 2, 2]).
	size mismatch for decoder5.conv_block.conv1.conv.weight: copying a param with shape torch.Size([384, 768, 3, 3, 3]) from checkpoint, the shape in current model is torch.Size([384, 768, 3, 3]).
	size mismatch for decoder5.conv_block.conv2.conv.weight: copying a param with shape torch.Size([384, 384, 3, 3, 3]) from checkpoint, the shape in current model is torch.Size([384, 384, 3, 3]).
	size mismatch for decoder5.conv_block.conv3.conv.weight: copying a param with shape torch.Size([384, 768, 1, 1, 1]) from checkpoint, the shape in current model is torch.Size([384, 768, 1, 1]).
	size mismatch for decoder4.transp_conv.conv.weight: copying a param with shape torch.Size([384, 192, 2, 2, 2]) from checkpoint, the shape in current model is torch.Size([384, 192, 2, 2]).
	size mismatch for decoder4.conv_block.conv1.conv.weight: copying a param with shape torch.Size([192, 384, 3, 3, 3]) from checkpoint, the shape in current model is torch.Size([192, 384, 3, 3]).
	size mismatch for decoder4.conv_block.conv2.conv.weight: copying a param with shape torch.Size([192, 192, 3, 3, 3]) from checkpoint, the shape in current model is torch.Size([192, 192, 3, 3]).
	size mismatch for decoder4.conv_block.conv3.conv.weight: copying a param with shape torch.Size([192, 384, 1, 1, 1]) from checkpoint, the shape in current model is torch.Size([192, 384, 1, 1]).
	size mismatch for decoder3.transp_conv.conv.weight: copying a param with shape torch.Size([192, 96, 2, 2, 2]) from checkpoint, the shape in current model is torch.Size([192, 96, 2, 2]).
	size mismatch for decoder3.conv_block.conv1.conv.weight: copying a param with shape torch.Size([96, 192, 3, 3, 3]) from checkpoint, the shape in current model is torch.Size([96, 192, 3, 3]).
	size mismatch for decoder3.conv_block.conv2.conv.weight: copying a param with shape torch.Size([96, 96, 3, 3, 3]) from checkpoint, the shape in current model is torch.Size([96, 96, 3, 3]).
	size mismatch for decoder3.conv_block.conv3.conv.weight: copying a param with shape torch.Size([96, 192, 1, 1, 1]) from checkpoint, the shape in current model is torch.Size([96, 192, 1, 1]).
	size mismatch for decoder2.transp_conv.conv.weight: copying a param with shape torch.Size([96, 48, 2, 2, 2]) from checkpoint, the shape in current model is torch.Size([96, 48, 2, 2]).
	size mismatch for decoder2.conv_block.conv1.conv.weight: copying a param with shape torch.Size([48, 96, 3, 3, 3]) from checkpoint, the shape in current model is torch.Size([48, 96, 3, 3]).
	size mismatch for decoder2.conv_block.conv2.conv.weight: copying a param with shape torch.Size([48, 48, 3, 3, 3]) from checkpoint, the shape in current model is torch.Size([48, 48, 3, 3]).
	size mismatch for decoder2.conv_block.conv3.conv.weight: copying a param with shape torch.Size([48, 96, 1, 1, 1]) from checkpoint, the shape in current model is torch.Size([48, 96, 1, 1]).
	size mismatch for decoder1.transp_conv.conv.weight: copying a param with shape torch.Size([48, 48, 2, 2, 2]) from checkpoint, the shape in current model is torch.Size([48, 48, 2, 2]).
	size mismatch for decoder1.conv_block.conv1.conv.weight: copying a param with shape torch.Size([48, 96, 3, 3, 3]) from checkpoint, the shape in current model is torch.Size([48, 96, 3, 3]).
	size mismatch for decoder1.conv_block.conv2.conv.weight: copying a param with shape torch.Size([48, 48, 3, 3, 3]) from checkpoint, the shape in current model is torch.Size([48, 48, 3, 3]).
	size mismatch for decoder1.conv_block.conv3.conv.weight: copying a param with shape torch.Size([48, 96, 1, 1, 1]) from checkpoint, the shape in current model is torch.Size([48, 96, 1, 1]).
	size mismatch for out.conv.conv.weight: copying a param with shape torch.Size([14, 48, 1, 1, 1]) from checkpoint, the shape in current model is torch.Size([1, 48, 1, 1]).
	size mismatch for out.conv.conv.bias: copying a param with shape torch.Size([14]) from checkpoint, the shape in current model is torch.Size([1]).
Traceback (most recent call last):
  File "/Volumes/Data 1/project-dicom-viewer/dicom_xray.py", line 133, in load_model
    model.load_state_dict(checkpoint) # Asumsi checkpoint adalah state_dict langsung
  File "/opt/anaconda3/envs/monai_env/lib/python3.10/site-packages/torch/nn/modules/module.py", line 2593, in load_state_dict
    raise RuntimeError(
RuntimeError: Error(s) in loading state_dict for SwinUNETR:
	size mismatch for swinViT.patch_embed.proj.weight: copying a param with shape torch.Size([48, 1, 2, 2, 2]) from checkpoint, the shape in current model is torch.Size([48, 1, 2, 2]).
	size mismatch for swinViT.layers1.0.blocks.0.attn.relative_position_bias_table: copying a param with shape torch.Size([2197, 3]) from checkpoint, the shape in current model is torch.Size([169, 3]).
	size mismatch for swinViT.layers1.0.blocks.0.attn.relative_position_index: copying a param with shape torch.Size([343, 343]) from checkpoint, the shape in current model is torch.Size([49, 49]).
	size mismatch for swinViT.layers1.0.blocks.1.attn.relative_position_bias_table: copying a param with shape torch.Size([2197, 3]) from checkpoint, the shape in current model is torch.Size([169, 3]).
	size mismatch for swinViT.layers1.0.blocks.1.attn.relative_position_index: copying a param with shape torch.Size([343, 343]) from checkpoint, the shape in current model is torch.Size([49, 49]).
	size mismatch for swinViT.layers1.0.downsample.reduction.weight: copying a param with shape torch.Size([96, 384]) from checkpoint, the shape in current model is torch.Size([96, 192]).
	size mismatch for swinViT.layers1.0.downsample.norm.weight: copying a param with shape torch.Size([384]) from checkpoint, the shape in current model is torch.Size([192]).
	size mismatch for swinViT.layers1.0.downsample.norm.bias: copying a param with shape torch.Size([384]) from checkpoint, the shape in current model is torch.Size([192]).
	size mismatch for swinViT.layers2.0.blocks.0.attn.relative_position_bias_table: copying a param with shape torch.Size([2197, 6]) from checkpoint, the shape in current model is torch.Size([169, 6]).
	size mismatch for swinViT.layers2.0.blocks.0.attn.relative_position_index: copying a param with shape torch.Size([343, 343]) from checkpoint, the shape in current model is torch.Size([49, 49]).
	size mismatch for swinViT.layers2.0.blocks.1.attn.relative_position_bias_table: copying a param with shape torch.Size([2197, 6]) from checkpoint, the shape in current model is torch.Size([169, 6]).
	size mismatch for swinViT.layers2.0.blocks.1.attn.relative_position_index: copying a param with shape torch.Size([343, 343]) from checkpoint, the shape in current model is torch.Size([49, 49]).
	size mismatch for swinViT.layers2.0.downsample.reduction.weight: copying a param with shape torch.Size([192, 768]) from checkpoint, the shape in current model is torch.Size([192, 384]).
	size mismatch for swinViT.layers2.0.downsample.norm.weight: copying a param with shape torch.Size([768]) from checkpoint, the shape in current model is torch.Size([384]).
	size mismatch for swinViT.layers2.0.downsample.norm.bias: copying a param with shape torch.Size([768]) from checkpoint, the shape in current model is torch.Size([384]).
	size mismatch for swinViT.layers3.0.blocks.0.attn.relative_position_bias_table: copying a param with shape torch.Size([2197, 12]) from checkpoint, the shape in current model is torch.Size([169, 12]).
	size mismatch for swinViT.layers3.0.blocks.0.attn.relative_position_index: copying a param with shape torch.Size([343, 343]) from checkpoint, the shape in current model is torch.Size([49, 49]).
	size mismatch for swinViT.layers3.0.blocks.1.attn.relative_position_bias_table: copying a param with shape torch.Size([2197, 12]) from checkpoint, the shape in current model is torch.Size([169, 12]).
	size mismatch for swinViT.layers3.0.blocks.1.attn.relative_position_index: copying a param with shape torch.Size([343, 343]) from checkpoint, the shape in current model is torch.Size([49, 49]).
	size mismatch for swinViT.layers3.0.downsample.reduction.weight: copying a param with shape torch.Size([384, 1536]) from checkpoint, the shape in current model is torch.Size([384, 768]).
	size mismatch for swinViT.layers3.0.downsample.norm.weight: copying a param with shape torch.Size([1536]) from checkpoint, the shape in current model is torch.Size([768]).
	size mismatch for swinViT.layers3.0.downsample.norm.bias: copying a param with shape torch.Size([1536]) from checkpoint, the shape in current model is torch.Size([768]).
	size mismatch for swinViT.layers4.0.blocks.0.attn.relative_position_bias_table: copying a param with shape torch.Size([2197, 24]) from checkpoint, the shape in current model is torch.Size([169, 24]).
	size mismatch for swinViT.layers4.0.blocks.0.attn.relative_position_index: copying a param with shape torch.Size([343, 343]) from checkpoint, the shape in current model is torch.Size([49, 49]).
	size mismatch for swinViT.layers4.0.blocks.1.attn.relative_position_bias_table: copying a param with shape torch.Size([2197, 24]) from checkpoint, the shape in current model is torch.Size([169, 24]).
	size mismatch for swinViT.layers4.0.blocks.1.attn.relative_position_index: copying a param with shape torch.Size([343, 343]) from checkpoint, the shape in current model is torch.Size([49, 49]).
	size mismatch for swinViT.layers4.0.downsample.reduction.weight: copying a param with shape torch.Size([768, 3072]) from checkpoint, the shape in current model is torch.Size([768, 1536]).
	size mismatch for swinViT.layers4.0.downsample.norm.weight: copying a param with shape torch.Size([3072]) from checkpoint, the shape in current model is torch.Size([1536]).
	size mismatch for swinViT.layers4.0.downsample.norm.bias: copying a param with shape torch.Size([3072]) from checkpoint, the shape in current model is torch.Size([1536]).
	size mismatch for encoder1.layer.conv1.conv.weight: copying a param with shape torch.Size([48, 1, 3, 3, 3]) from checkpoint, the shape in current model is torch.Size([48, 1, 3, 3]).
	size mismatch for encoder1.layer.conv2.conv.weight: copying a param with shape torch.Size([48, 48, 3, 3, 3]) from checkpoint, the shape in current model is torch.Size([48, 48, 3, 3]).
	size mismatch for encoder1.layer.conv3.conv.weight: copying a param with shape torch.Size([48, 1, 1, 1, 1]) from checkpoint, the shape in current model is torch.Size([48, 1, 1, 1]).
	size mismatch for encoder2.layer.conv1.conv.weight: copying a param with shape torch.Size([48, 48, 3, 3, 3]) from checkpoint, the shape in current model is torch.Size([48, 48, 3, 3]).
	size mismatch for encoder2.layer.conv2.conv.weight: copying a param with shape torch.Size([48, 48, 3, 3, 3]) from checkpoint, the shape in current model is torch.Size([48, 48, 3, 3]).
	size mismatch for encoder3.layer.conv1.conv.weight: copying a param with shape torch.Size([96, 96, 3, 3, 3]) from checkpoint, the shape in current model is torch.Size([96, 96, 3, 3]).
	size mismatch for encoder3.layer.conv2.conv.weight: copying a param with shape torch.Size([96, 96, 3, 3, 3]) from checkpoint, the shape in current model is torch.Size([96, 96, 3, 3]).
	size mismatch for encoder4.layer.conv1.conv.weight: copying a param with shape torch.Size([192, 192, 3, 3, 3]) from checkpoint, the shape in current model is torch.Size([192, 192, 3, 3]).
	size mismatch for encoder4.layer.conv2.conv.weight: copying a param with shape torch.Size([192, 192, 3, 3, 3]) from checkpoint, the shape in current model is torch.Size([192, 192, 3, 3]).
	size mismatch for encoder10.layer.conv1.conv.weight: copying a param with shape torch.Size([768, 768, 3, 3, 3]) from checkpoint, the shape in current model is torch.Size([768, 768, 3, 3]).
	size mismatch for encoder10.layer.conv2.conv.weight: copying a param with shape torch.Size([768, 768, 3, 3, 3]) from checkpoint, the shape in current model is torch.Size([768, 768, 3, 3]).
	size mismatch for decoder5.transp_conv.conv.weight: copying a param with shape torch.Size([768, 384, 2, 2, 2]) from checkpoint, the shape in current model is torch.Size([768, 384, 2, 2]).
	size mismatch for decoder5.conv_block.conv1.conv.weight: copying a param with shape torch.Size([384, 768, 3, 3, 3]) from checkpoint, the shape in current model is torch.Size([384, 768, 3, 3]).
	size mismatch for decoder5.conv_block.conv2.conv.weight: copying a param with shape torch.Size([384, 384, 3, 3, 3]) from checkpoint, the shape in current model is torch.Size([384, 384, 3, 3]).
	size mismatch for decoder5.conv_block.conv3.conv.weight: copying a param with shape torch.Size([384, 768, 1, 1, 1]) from checkpoint, the shape in current model is torch.Size([384, 768, 1, 1]).
	size mismatch for decoder4.transp_conv.conv.weight: copying a param with shape torch.Size([384, 192, 2, 2, 2]) from checkpoint, the shape in current model is torch.Size([384, 192, 2, 2]).
	size mismatch for decoder4.conv_block.conv1.conv.weight: copying a param with shape torch.Size([192, 384, 3, 3, 3]) from checkpoint, the shape in current model is torch.Size([192, 384, 3, 3]).
	size mismatch for decoder4.conv_block.conv2.conv.weight: copying a param with shape torch.Size([192, 192, 3, 3, 3]) from checkpoint, the shape in current model is torch.Size([192, 192, 3, 3]).
	size mismatch for decoder4.conv_block.conv3.conv.weight: copying a param with shape torch.Size([192, 384, 1, 1, 1]) from checkpoint, the shape in current model is torch.Size([192, 384, 1, 1]).
	size mismatch for decoder3.transp_conv.conv.weight: copying a param with shape torch.Size([192, 96, 2, 2, 2]) from checkpoint, the shape in current model is torch.Size([192, 96, 2, 2]).
	size mismatch for decoder3.conv_block.conv1.conv.weight: copying a param with shape torch.Size([96, 192, 3, 3, 3]) from checkpoint, the shape in current model is torch.Size([96, 192, 3, 3]).
	size mismatch for decoder3.conv_block.conv2.conv.weight: copying a param with shape torch.Size([96, 96, 3, 3, 3]) from checkpoint, the shape in current model is torch.Size([96, 96, 3, 3]).
	size mismatch for decoder3.conv_block.conv3.conv.weight: copying a param with shape torch.Size([96, 192, 1, 1, 1]) from checkpoint, the shape in current model is torch.Size([96, 192, 1, 1]).
	size mismatch for decoder2.transp_conv.conv.weight: copying a param with shape torch.Size([96, 48, 2, 2, 2]) from checkpoint, the shape in current model is torch.Size([96, 48, 2, 2]).
	size mismatch for decoder2.conv_block.conv1.conv.weight: copying a param with shape torch.Size([48, 96, 3, 3, 3]) from checkpoint, the shape in current model is torch.Size([48, 96, 3, 3]).
	size mismatch for decoder2.conv_block.conv2.conv.weight: copying a param with shape torch.Size([48, 48, 3, 3, 3]) from checkpoint, the shape in current model is torch.Size([48, 48, 3, 3]).
	size mismatch for decoder2.conv_block.conv3.conv.weight: copying a param with shape torch.Size([48, 96, 1, 1, 1]) from checkpoint, the shape in current model is torch.Size([48, 96, 1, 1]).
	size mismatch for decoder1.transp_conv.conv.weight: copying a param with shape torch.Size([48, 48, 2, 2, 2]) from checkpoint, the shape in current model is torch.Size([48, 48, 2, 2]).
	size mismatch for decoder1.conv_block.conv1.conv.weight: copying a param with shape torch.Size([48, 96, 3, 3, 3]) from checkpoint, the shape in current model is torch.Size([48, 96, 3, 3]).
	size mismatch for decoder1.conv_block.conv2.conv.weight: copying a param with shape torch.Size([48, 48, 3, 3, 3]) from checkpoint, the shape in current model is torch.Size([48, 48, 3, 3]).
	size mismatch for decoder1.conv_block.conv3.conv.weight: copying a param with shape torch.Size([48, 96, 1, 1, 1]) from checkpoint, the shape in current model is torch.Size([48, 96, 1, 1]).
	size mismatch for out.conv.conv.weight: copying a param with shape torch.Size([14, 48, 1, 1, 1]) from checkpoint, the shape in current model is torch.Size([1, 48, 1, 1]).
	size mismatch for out.conv.conv.bias: copying a param with shape torch.Size([14]) from checkpoint, the shape in current model is torch.Size([1]).

